Running: /opt/Xilinx/14.4/ISE_DS/ISE/bin/lin64/unwrapped/fuse -intstyle ise -incremental -lib secureip -o /home/jorbuedo/DSD/tema2/WaterBombs_tb_isim_beh.exe -prj /home/jorbuedo/DSD/tema2/WaterBombs_tb_beh.prj work.WaterBombs_tb 
ISim P.49d (signature 0xfbc00daa)
Number of CPUs detected in this system: 1
Turning on mult-threading, number of parallel sub-compilation jobs: 0 
Determining compilation order of HDL files
Parsing VHDL file "/home/jorbuedo/DSD/tema2/WaterBombs.vhd" into library work
Parsing VHDL file "/home/jorbuedo/DSD/tema2/WaterBombs_tb.vhd" into library work
Starting static elaboration
Completed static elaboration
Fuse Memory Usage: 95888 KB
Fuse CPU Usage: 1670 ms
Compiling package standard
Compiling package std_logic_1164
Compiling architecture behavioral of entity WaterBombs [waterbombs_default]
Compiling architecture behavior of entity waterbombs_tb
Time Resolution for simulation is 1ps.
Compiled 5 VHDL Units
Built simulation executable /home/jorbuedo/DSD/tema2/WaterBombs_tb_isim_beh.exe
Fuse Memory Usage: 104584 KB
Fuse CPU Usage: 1720 ms
GCC CPU Usage: 480 ms
